<?xml version="1.0" encoding="UTF-8"?>
<!-- Generated by org.testng.reporters.JUnitXMLReporter -->
<testsuite ignored="0" hostname="Pavilion" failures="0" tests="5" name="Default test" time="133.882" errors="0" timestamp="24 Jun 2021 10:51:05 GMT">
  <testcase classname="com.Cart.Test.CartTest" name="getLinksofItems" time="6.094"/>
  <testcase classname="com.Cart.Test.CartTest" name="NavigateToCartSc" time="4.131"/>
  <testcase classname="com.Cart.Test.CartTest" name="getMyCartListItems" time="5.258"/>
  <testcase classname="com.Cart.Test.CartTest" name="ValidatinTitle" time="4.821"/>
  <testcase classname="com.Cart.Test.CartTest" name="PlaceOrderNavigation" time="13.08"/>
</testsuite> <!-- Default test -->
