<?xml version="1.0" encoding="UTF-8"?>
<testng-results ignored="0" total="5" passed="5" failed="0" skipped="0">
  <reporter-output>
  </reporter-output>
  <suite started-at="2021-06-24T10:48:51Z" name="Default suite" finished-at="2021-06-24T10:51:05Z" duration-ms="133882">
    <groups>
    </groups>
    <test started-at="2021-06-24T10:48:51Z" name="Default test" finished-at="2021-06-24T10:51:05Z" duration-ms="133882">
      <class name="com.Cart.Test.CartTest">
        <test-method is-config="true" signature="setup()[pri:0, instance:com.Cart.Test.CartTest@2ce6c6ec]" started-at="2021-06-24T16:18:51Z" name="setup" finished-at="2021-06-24T16:19:14Z" duration-ms="22784" status="PASS">
          <reporter-output>
          </reporter-output>
        </test-method> <!-- setup -->
        <test-method signature="getLinksofItems()[pri:0, instance:com.Cart.Test.CartTest@2ce6c6ec]" started-at="2021-06-24T16:19:14Z" name="getLinksofItems" finished-at="2021-06-24T16:19:20Z" duration-ms="6094" status="PASS">
          <reporter-output>
          </reporter-output>
        </test-method> <!-- getLinksofItems -->
        <test-method is-config="true" signature="closeBrw()[pri:0, instance:com.Cart.Test.CartTest@2ce6c6ec]" started-at="2021-06-24T16:19:20Z" name="closeBrw" finished-at="2021-06-24T16:19:22Z" duration-ms="1225" status="PASS">
          <reporter-output>
          </reporter-output>
        </test-method> <!-- closeBrw -->
        <test-method is-config="true" signature="setup()[pri:0, instance:com.Cart.Test.CartTest@2ce6c6ec]" started-at="2021-06-24T16:19:22Z" name="setup" finished-at="2021-06-24T16:19:39Z" duration-ms="16958" status="PASS">
          <reporter-output>
          </reporter-output>
        </test-method> <!-- setup -->
        <test-method signature="NavigateToCartSc()[pri:1, instance:com.Cart.Test.CartTest@2ce6c6ec]" started-at="2021-06-24T16:19:39Z" name="NavigateToCartSc" finished-at="2021-06-24T16:19:43Z" duration-ms="4131" status="PASS">
          <reporter-output>
          </reporter-output>
        </test-method> <!-- NavigateToCartSc -->
        <test-method is-config="true" signature="closeBrw()[pri:0, instance:com.Cart.Test.CartTest@2ce6c6ec]" started-at="2021-06-24T16:19:43Z" name="closeBrw" finished-at="2021-06-24T16:19:44Z" duration-ms="1192" status="PASS">
          <reporter-output>
          </reporter-output>
        </test-method> <!-- closeBrw -->
        <test-method is-config="true" signature="setup()[pri:0, instance:com.Cart.Test.CartTest@2ce6c6ec]" started-at="2021-06-24T16:19:44Z" name="setup" finished-at="2021-06-24T16:20:03Z" duration-ms="19039" status="PASS">
          <reporter-output>
          </reporter-output>
        </test-method> <!-- setup -->
        <test-method signature="getMyCartListItems()[pri:1, instance:com.Cart.Test.CartTest@2ce6c6ec]" started-at="2021-06-24T16:20:03Z" name="getMyCartListItems" finished-at="2021-06-24T16:20:08Z" duration-ms="5258" status="PASS">
          <reporter-output>
          </reporter-output>
        </test-method> <!-- getMyCartListItems -->
        <test-method is-config="true" signature="closeBrw()[pri:0, instance:com.Cart.Test.CartTest@2ce6c6ec]" started-at="2021-06-24T16:20:08Z" name="closeBrw" finished-at="2021-06-24T16:20:09Z" duration-ms="1231" status="PASS">
          <reporter-output>
          </reporter-output>
        </test-method> <!-- closeBrw -->
        <test-method is-config="true" signature="setup()[pri:0, instance:com.Cart.Test.CartTest@2ce6c6ec]" started-at="2021-06-24T16:20:09Z" name="setup" finished-at="2021-06-24T16:20:27Z" duration-ms="17606" status="PASS">
          <reporter-output>
          </reporter-output>
        </test-method> <!-- setup -->
        <test-method signature="ValidatinTitle()[pri:2, instance:com.Cart.Test.CartTest@2ce6c6ec]" started-at="2021-06-24T16:20:27Z" name="ValidatinTitle" finished-at="2021-06-24T16:20:32Z" duration-ms="4821" status="PASS">
          <reporter-output>
          </reporter-output>
        </test-method> <!-- ValidatinTitle -->
        <test-method is-config="true" signature="closeBrw()[pri:0, instance:com.Cart.Test.CartTest@2ce6c6ec]" started-at="2021-06-24T16:20:32Z" name="closeBrw" finished-at="2021-06-24T16:20:33Z" duration-ms="1129" status="PASS">
          <reporter-output>
          </reporter-output>
        </test-method> <!-- closeBrw -->
        <test-method is-config="true" signature="setup()[pri:0, instance:com.Cart.Test.CartTest@2ce6c6ec]" started-at="2021-06-24T16:20:33Z" name="setup" finished-at="2021-06-24T16:20:51Z" duration-ms="17966" status="PASS">
          <reporter-output>
          </reporter-output>
        </test-method> <!-- setup -->
        <test-method signature="PlaceOrderNavigation()[pri:3, instance:com.Cart.Test.CartTest@2ce6c6ec]" started-at="2021-06-24T16:20:51Z" name="PlaceOrderNavigation" finished-at="2021-06-24T16:21:04Z" duration-ms="13080" status="PASS">
          <reporter-output>
          </reporter-output>
        </test-method> <!-- PlaceOrderNavigation -->
        <test-method is-config="true" signature="closeBrw()[pri:0, instance:com.Cart.Test.CartTest@2ce6c6ec]" started-at="2021-06-24T16:21:04Z" name="closeBrw" finished-at="2021-06-24T16:21:05Z" duration-ms="1309" status="PASS">
          <reporter-output>
          </reporter-output>
        </test-method> <!-- closeBrw -->
      </class> <!-- com.Cart.Test.CartTest -->
    </test> <!-- Default test -->
  </suite> <!-- Default suite -->
</testng-results>
